<?xml version="1.0" encoding="UTF-8"?>
<!-- Generated by org.testng.reporters.JUnitXMLReporter -->
<testsuite ignored="0" hostname="LAPTOP-PDC3260G" failures="0" tests="12" name="Default test" time="0.131" errors="0" timestamp="2024-12-27T00:35:03 IST">
  <testcase classname="Testcases.AddToCartTestcases" name="@BeforeClass normalsetup" time="-1.735239903098E9">
    <failure type="org.testng.TestNGException" message="
Parameter &amp;apos;browser&amp;apos; is required by BeforeClass on method normalsetup but has not been marked @Optional or defined
in C:\Users\akhil dwivedi\AppData\Local\Temp\testng-eclipse--1665522896\testng-customsuite.xml">
      <![CDATA[org.testng.TestNGException: 
Parameter 'browser' is required by BeforeClass on method normalsetup but has not been marked @Optional or defined
in C:\Users\akhil dwivedi\AppData\Local\Temp\testng-eclipse--1665522896\testng-customsuite.xml
at org.testng.internal.Parameters.createParams(Parameters.java:264)
at org.testng.internal.Parameters.createParametersForMethod(Parameters.java:352)
at org.testng.internal.Parameters.createParameters(Parameters.java:690)
at org.testng.internal.Parameters.createConfigurationParameters(Parameters.java:163)
at org.testng.internal.invokers.ConfigInvoker.invokeConfigurations(ConfigInvoker.java:313)
at org.testng.internal.invokers.TestMethodWorker.invokeBeforeClassMethods(TestMethodWorker.java:188)
at org.testng.internal.invokers.TestMethodWorker.run(TestMethodWorker.java:128)
at java.base/java.util.ArrayList.forEach(ArrayList.java:1597)
at org.testng.TestRunner.privateRun(TestRunner.java:739)
at org.testng.TestRunner.run(TestRunner.java:614)
at org.testng.SuiteRunner.runTest(SuiteRunner.java:421)
at org.testng.SuiteRunner.runSequentially(SuiteRunner.java:413)
at org.testng.SuiteRunner.privateRun(SuiteRunner.java:373)
at org.testng.SuiteRunner.run(SuiteRunner.java:312)
at org.testng.SuiteRunnerWorker.runSuite(SuiteRunnerWorker.java:52)
at org.testng.SuiteRunnerWorker.run(SuiteRunnerWorker.java:95)
at org.testng.TestNG.runSuitesSequentially(TestNG.java:1274)
at org.testng.TestNG.runSuitesLocally(TestNG.java:1208)
at org.testng.TestNG.runSuites(TestNG.java:1112)
at org.testng.TestNG.run(TestNG.java:1079)
at org.testng.remote.AbstractRemoteTestNG.run(AbstractRemoteTestNG.java:115)
at org.testng.remote.RemoteTestNG.initAndRun(RemoteTestNG.java:293)
at org.testng.remote.RemoteTestNG.main(RemoteTestNG.java:91)
]]>
    </failure>
  </testcase> <!-- @BeforeClass normalsetup -->
  <testcase classname="Testcases.Screenshot" name="@AfterMethod onTestFailure" time="0.0">
    <skipped/>
  </testcase> <!-- @AfterMethod onTestFailure -->
  <testcase classname="Testcases.BasetestCases" name="@AfterMethod afterMethodresult" time="0.0">
    <skipped/>
  </testcase> <!-- @AfterMethod afterMethodresult -->
  <testcase classname="Testcases.Screenshot" name="@AfterMethod onTestFailure" time="0.0">
    <skipped/>
  </testcase> <!-- @AfterMethod onTestFailure -->
  <testcase classname="Testcases.BasetestCases" name="@AfterMethod afterMethodresult" time="0.0">
    <skipped/>
  </testcase> <!-- @AfterMethod afterMethodresult -->
  <testcase classname="Testcases.Screenshot" name="@AfterMethod onTestFailure" time="0.0">
    <skipped/>
  </testcase> <!-- @AfterMethod onTestFailure -->
  <testcase classname="Testcases.BasetestCases" name="@AfterMethod afterMethodresult" time="0.0">
    <skipped/>
  </testcase> <!-- @AfterMethod afterMethodresult -->
  <testcase classname="Testcases.Screenshot" name="@AfterMethod onTestFailure" time="0.0">
    <skipped/>
  </testcase> <!-- @AfterMethod onTestFailure -->
  <testcase classname="Testcases.BasetestCases" name="@AfterMethod afterMethodresult" time="0.0">
    <skipped/>
  </testcase> <!-- @AfterMethod afterMethodresult -->
  <testcase classname="Testcases.Screenshot" name="@AfterMethod onTestFailure" time="0.0">
    <skipped/>
  </testcase> <!-- @AfterMethod onTestFailure -->
  <testcase classname="Testcases.BasetestCases" name="@AfterMethod afterMethodresult" time="0.0">
    <skipped/>
  </testcase> <!-- @AfterMethod afterMethodresult -->
  <testcase classname="Testcases.Screenshot" name="@AfterMethod onTestFailure" time="0.0">
    <skipped/>
  </testcase> <!-- @AfterMethod onTestFailure -->
  <testcase classname="Testcases.BasetestCases" name="@AfterMethod afterMethodresult" time="0.0">
    <skipped/>
  </testcase> <!-- @AfterMethod afterMethodresult -->
  <testcase classname="Testcases.Screenshot" name="@AfterMethod onTestFailure" time="0.0">
    <skipped/>
  </testcase> <!-- @AfterMethod onTestFailure -->
  <testcase classname="Testcases.BasetestCases" name="@AfterMethod afterMethodresult" time="0.0">
    <skipped/>
  </testcase> <!-- @AfterMethod afterMethodresult -->
  <testcase classname="Testcases.Screenshot" name="@AfterMethod onTestFailure" time="0.0">
    <skipped/>
  </testcase> <!-- @AfterMethod onTestFailure -->
  <testcase classname="Testcases.BasetestCases" name="@AfterMethod afterMethodresult" time="0.0">
    <skipped/>
  </testcase> <!-- @AfterMethod afterMethodresult -->
  <testcase classname="Testcases.Screenshot" name="@AfterMethod onTestFailure" time="0.0">
    <skipped/>
  </testcase> <!-- @AfterMethod onTestFailure -->
  <testcase classname="Testcases.BasetestCases" name="@AfterMethod afterMethodresult" time="0.0">
    <skipped/>
  </testcase> <!-- @AfterMethod afterMethodresult -->
  <testcase classname="Testcases.Screenshot" name="@AfterMethod onTestFailure" time="0.0">
    <skipped/>
  </testcase> <!-- @AfterMethod onTestFailure -->
  <testcase classname="Testcases.BasetestCases" name="@AfterMethod afterMethodresult" time="0.0">
    <skipped/>
  </testcase> <!-- @AfterMethod afterMethodresult -->
  <testcase classname="Testcases.Screenshot" name="@AfterMethod onTestFailure" time="0.0">
    <skipped/>
  </testcase> <!-- @AfterMethod onTestFailure -->
  <testcase classname="Testcases.BasetestCases" name="@AfterMethod afterMethodresult" time="0.0">
    <skipped/>
  </testcase> <!-- @AfterMethod afterMethodresult -->
  <testcase classname="Testcases.Screenshot" name="@AfterMethod onTestFailure" time="0.0">
    <skipped/>
  </testcase> <!-- @AfterMethod onTestFailure -->
  <testcase classname="Testcases.BasetestCases" name="@AfterMethod afterMethodresult" time="0.0">
    <skipped/>
  </testcase> <!-- @AfterMethod afterMethodresult -->
  <testcase classname="Testcases.AddToCartTestcases" name="@AfterClass close" time="0.0">
    <skipped/>
  </testcase> <!-- @AfterClass close -->
  <testcase classname="Testcases.AddToCartTestcases" name="ComponetsTABOpen" time="0.0">
    <skipped/>
  </testcase> <!-- ComponetsTABOpen -->
  <testcase classname="Testcases.AddToCartTestcases" name="Openitem" time="0.0">
    <skipped/>
  </testcase> <!-- Openitem -->
  <testcase classname="Testcases.AddToCartTestcases" name="checkthebox" time="0.0">
    <skipped/>
  </testcase> <!-- checkthebox -->
  <testcase classname="Testcases.AddToCartTestcases" name="EntrText" time="0.0">
    <skipped/>
  </testcase> <!-- EntrText -->
  <testcase classname="Testcases.AddToCartTestcases" name="selectthecolor" time="0.0">
    <skipped/>
  </testcase> <!-- selectthecolor -->
  <testcase classname="Testcases.AddToCartTestcases" name="textAea" time="0.0">
    <skipped/>
  </testcase> <!-- textAea -->
  <testcase classname="Testcases.AddToCartTestcases" name="UploadTheFile" time="0.0">
    <skipped/>
  </testcase> <!-- UploadTheFile -->
  <testcase classname="Testcases.AddToCartTestcases" name="calenderupdate" time="0.001">
    <skipped/>
  </testcase> <!-- calenderupdate -->
  <testcase classname="Testcases.AddToCartTestcases" name="timeselect" time="0.0">
    <skipped/>
  </testcase> <!-- timeselect -->
  <testcase classname="Testcases.AddToCartTestcases" name="filldatetime" time="0.0">
    <skipped/>
  </testcase> <!-- filldatetime -->
  <testcase classname="Testcases.AddToCartTestcases" name="selectQTY" time="0.0">
    <skipped/>
  </testcase> <!-- selectQTY -->
  <testcase classname="Testcases.AddToCartTestcases" name="AddToProduct" time="0.0">
    <skipped/>
  </testcase> <!-- AddToProduct -->
</testsuite> <!-- Default test -->
