<?xml version="1.0" encoding="UTF-8"?>
<!-- Generated by org.testng.reporters.JUnitXMLReporter -->
<testsuite ignored="0" hostname="LAPTOP-PDC3260G" failures="0" tests="12" name="ChromeTest" time="17.343" errors="0" timestamp="2024-12-27T00:26:16 IST">
  <testcase classname="Testcases.AddToCartTestcaes" name="ComponetsTABOpen" time="0.77"/>
  <testcase classname="Testcases.AddToCartTestcaes" name="Openitem" time="0.096"/>
  <testcase classname="Testcases.AddToCartTestcaes" name="checkthebox" time="1.125"/>
  <testcase classname="Testcases.AddToCartTestcaes" name="EntrText" time="0.247"/>
  <testcase classname="Testcases.AddToCartTestcaes" name="selectthecolor" time="0.174"/>
  <testcase classname="Testcases.AddToCartTestcaes" name="textAea" time="0.291"/>
  <testcase classname="Testcases.AddToCartTestcaes" name="UploadTheFile" time="3.032"/>
  <testcase classname="Testcases.AddToCartTestcaes" name="calenderupdate" time="0.303"/>
  <testcase classname="Testcases.AddToCartTestcaes" name="timeselect" time="0.245"/>
  <testcase classname="Testcases.AddToCartTestcaes" name="filldatetime" time="0.176"/>
  <testcase classname="Testcases.AddToCartTestcaes" name="selectQTY" time="0.112"/>
  <testcase classname="Testcases.AddToCartTestcaes" name="AddToProduct" time="0.099"/>
</testsuite> <!-- ChromeTest -->
