<?xml version="1.0" encoding="UTF-8"?>
<!-- Generated by org.testng.reporters.JUnitXMLReporter -->
<testsuite ignored="0" hostname="LAPTOP-PDC3260G" failures="2" tests="17" name="chromeTest" time="37.485" errors="0" timestamp="2024-12-27T23:23:05 IST">
  <testcase classname="Testcases.ReviewTestcases" name="MyAccountTab" time="0.402"/>
  <testcase classname="Testcases.ReviewTestcases" name="CredentialsDetails" time="0.233"/>
  <testcase classname="Testcases.ReviewTestcases" name="loginClick" time="0.539"/>
  <testcase classname="Testcases.ReviewTestcases" name="Mp3Player" time="0.636"/>
  <testcase classname="Testcases.ReviewTestcases" name="sortpro" time="0.365"/>
  <testcase classname="Testcases.ReviewTestcases" name="OpenProd" time="0.585"/>
  <testcase classname="Testcases.ReviewTestcases" name="ReviewTABSelect" time="0.094"/>
  <testcase classname="Testcases.ReviewTestcases" name="EnteryourREVIEW" time="0.131"/>
  <testcase classname="Testcases.ReviewTestcases" name="velidatepageloaded" time="0.018">
    <failure type="java.lang.AssertionError" message="expected [iPod ] but found [iPod Classic]">
      <![CDATA[java.lang.AssertionError: expected [iPod ] but found [iPod Classic]
at Testcases.ReviewTestcases.velidatepageloaded(ReviewTestcases.java:73)
at java.base/java.util.ArrayList.forEach(ArrayList.java:1597)
... Removed 31 stack frames]]>
    </failure>
  </testcase> <!-- velidatepageloaded -->
  <testcase classname="Testcases.ReviewTestcases" name="SubmitReview" time="0.068"/>
  <testcase classname="Testcases.ReviewTestcases" name="TestcaseResult" time="5.055">
    <skipped/>
  </testcase> <!-- TestcaseResult -->
  <testcase classname="Testcases.ReviewTestcases" name="TestcaseResult" time="5.021">
    <skipped/>
  </testcase> <!-- TestcaseResult -->
  <testcase classname="Testcases.ReviewTestcases" name="TestcaseResult" time="5.054">
    <skipped/>
  </testcase> <!-- TestcaseResult -->
  <testcase classname="Testcases.ReviewTestcases" name="TestcaseResult" time="5.052">
    <skipped/>
  </testcase> <!-- TestcaseResult -->
  <testcase classname="Testcases.ReviewTestcases" name="TestcaseResult" time="5.007">
    <skipped/>
  </testcase> <!-- TestcaseResult -->
  <testcase classname="Testcases.ReviewTestcases" name="TestcaseResult" time="5.009">
    <failure type="org.openqa.selenium.NoSuchElementException" message="no such element: Unable to locate element: {&amp;quot;method&amp;quot;:&amp;quot;xpath&amp;quot;,&amp;quot;selector&amp;quot;:&amp;quot;//div[normalize-space()=&amp;apos;Thank you for your review. It has been submitted to the webmaster for approval.&amp;apos;]&amp;quot;}
  (Session info: chrome=131.0.6778.205)
For documentation on this error, please visit: https://www.selenium.dev/documentation/webdriver/troubleshooting/errors#no-such-element-exception
Build info: version: &amp;apos;4.22.0&amp;apos;, revision: &amp;apos;c5f3146703*&amp;apos;
System info: os.name: &amp;apos;Windows 11&amp;apos;, os.arch: &amp;apos;amd64&amp;apos;, os.version: &amp;apos;10.0&amp;apos;, java.version: &amp;apos;22.0.2&amp;apos;
Driver info: org.openqa.selenium.chrome.ChromeDriver
Command: [3e3d9ad20eff951d7b28b05f207014fb, findElement {using=xpath, value=//div[normalize-space()=&amp;apos;Thank you for your review. It has been submitted to the webmaster for approval.&amp;apos;]}]
Capabilities {acceptInsecureCerts: false, browserName: chrome, browserVersion: 131.0.6778.205, chrome: {chromedriverVersion: 131.0.6778.204 (52183f9e99a..., userDataDir: C:\Users\AKHILD~1\AppData\L...}, fedcm:accounts: true, goog:chromeOptions: {debuggerAddress: localhost:62134}, networkConnectionEnabled: false, pageLoadStrategy: normal, platformName: windows, proxy: Proxy(), se:cdp: ws://localhost:62134/devtoo..., se:cdpVersion: 131.0.6778.205, setWindowRect: true, strictFileInteractability: false, timeouts: {implicit: 0, pageLoad: 300000, script: 30000}, unhandledPromptBehavior: dismiss and notify, webauthn:extension:credBlob: true, webauthn:extension:largeBlob: true, webauthn:extension:minPinLength: true, webauthn:extension:prf: true, webauthn:virtualAuthenticators: true}
Session ID: 3e3d9ad20eff951d7b28b05f207014fb">
      <![CDATA[org.openqa.selenium.NoSuchElementException: no such element: Unable to locate element: {"method":"xpath","selector":"//div[normalize-space()='Thank you for your review. It has been submitted to the webmaster for approval.']"}
  (Session info: chrome=131.0.6778.205)
For documentation on this error, please visit: https://www.selenium.dev/documentation/webdriver/troubleshooting/errors#no-such-element-exception
Build info: version: '4.22.0', revision: 'c5f3146703*'
System info: os.name: 'Windows 11', os.arch: 'amd64', os.version: '10.0', java.version: '22.0.2'
Driver info: org.openqa.selenium.chrome.ChromeDriver
Command: [3e3d9ad20eff951d7b28b05f207014fb, findElement {using=xpath, value=//div[normalize-space()='Thank you for your review. It has been submitted to the webmaster for approval.']}]
Capabilities {acceptInsecureCerts: false, browserName: chrome, browserVersion: 131.0.6778.205, chrome: {chromedriverVersion: 131.0.6778.204 (52183f9e99a..., userDataDir: C:\Users\AKHILD~1\AppData\L...}, fedcm:accounts: true, goog:chromeOptions: {debuggerAddress: localhost:62134}, networkConnectionEnabled: false, pageLoadStrategy: normal, platformName: windows, proxy: Proxy(), se:cdp: ws://localhost:62134/devtoo..., se:cdpVersion: 131.0.6778.205, setWindowRect: true, strictFileInteractability: false, timeouts: {implicit: 0, pageLoad: 300000, script: 30000}, unhandledPromptBehavior: dismiss and notify, webauthn:extension:credBlob: true, webauthn:extension:largeBlob: true, webauthn:extension:minPinLength: true, webauthn:extension:prf: true, webauthn:virtualAuthenticators: true}
Session ID: 3e3d9ad20eff951d7b28b05f207014fb
at org.openqa.selenium.remote.ErrorCodec.decode(ErrorCodec.java:167)
at org.openqa.selenium.remote.codec.w3c.W3CHttpResponseCodec.decode(W3CHttpResponseCodec.java:138)
at org.openqa.selenium.remote.codec.w3c.W3CHttpResponseCodec.decode(W3CHttpResponseCodec.java:50)
at org.openqa.selenium.remote.HttpCommandExecutor.execute(HttpCommandExecutor.java:190)
at org.openqa.selenium.remote.service.DriverCommandExecutor.invokeExecute(DriverCommandExecutor.java:216)
at org.openqa.selenium.remote.service.DriverCommandExecutor.execute(DriverCommandExecutor.java:174)
at org.openqa.selenium.remote.RemoteWebDriver.execute(RemoteWebDriver.java:518)
at org.openqa.selenium.remote.ElementLocation$ElementFinder$2.findElement(ElementLocation.java:165)
at org.openqa.selenium.remote.ElementLocation.findElement(ElementLocation.java:59)
at org.openqa.selenium.remote.RemoteWebDriver.findElement(RemoteWebDriver.java:355)
at org.openqa.selenium.remote.RemoteWebDriver.findElement(RemoteWebDriver.java:349)
at org.openqa.selenium.support.pagefactory.DefaultElementLocator.findElement(DefaultElementLocator.java:68)
at org.openqa.selenium.support.pagefactory.internal.LocatingElementHandler.invoke(LocatingElementHandler.java:38)
at jdk.proxy2/jdk.proxy2.$Proxy14.isDisplayed(Unknown Source)
at PageObject.GiveReview.SuccessMessage(GiveReview.java:117)
at Testcases.ReviewTestcases.TestcaseResult(ReviewTestcases.java:83)
at java.base/java.util.ArrayList.forEach(ArrayList.java:1597)
... Removed 28 stack frames]]>
    </failure>
  </testcase> <!-- TestcaseResult -->
  <testcase classname="Testcases.ReviewTestcases" name="clodebrowser" time="0.237"/>
</testsuite> <!-- chromeTest -->
