<?xml version="1.0" encoding="UTF-8"?>
<!-- Generated by org.testng.reporters.JUnitXMLReporter -->
<testsuite ignored="0" hostname="LAPTOP-PDC3260G" failures="0" tests="12" name="FirefoxTest" time="29.563" errors="0" timestamp="2024-12-27T00:26:28 IST">
  <testcase classname="Testcases.AddToCartTestcaes" name="ComponetsTABOpen" time="0.828"/>
  <testcase classname="Testcases.AddToCartTestcaes" name="Openitem" time="0.25"/>
  <testcase classname="Testcases.AddToCartTestcaes" name="checkthebox" time="1.125"/>
  <testcase classname="Testcases.AddToCartTestcaes" name="EntrText" time="0.317"/>
  <testcase classname="Testcases.AddToCartTestcaes" name="selectthecolor" time="0.297"/>
  <testcase classname="Testcases.AddToCartTestcaes" name="textAea" time="0.256"/>
  <testcase classname="Testcases.AddToCartTestcaes" name="UploadTheFile" time="11.532"/>
  <testcase classname="Testcases.AddToCartTestcaes" name="calenderupdate" time="0.529"/>
  <testcase classname="Testcases.AddToCartTestcaes" name="timeselect" time="0.261"/>
  <testcase classname="Testcases.AddToCartTestcaes" name="filldatetime" time="0.059"/>
  <testcase classname="Testcases.AddToCartTestcaes" name="selectQTY" time="0.057"/>
  <testcase classname="Testcases.AddToCartTestcaes" name="AddToProduct" time="0.255"/>
</testsuite> <!-- FirefoxTest -->
