<?xml version="1.0" encoding="UTF-8"?>
<!-- Generated by org.testng.reporters.JUnitXMLReporter -->
<testsuite ignored="0" hostname="LAPTOP-PDC3260G" failures="0" tests="7" name="firefoxTest" time="7.544" errors="0" timestamp="2024-12-29T01:37:36 IST">
  <testcase classname="Testcases.CurrencyTestcases" name="loginpage" time="0.537"/>
  <testcase classname="Testcases.CurrencyTestcases" name="Enterdetails" time="0.092"/>
  <testcase classname="Testcases.CurrencyTestcases" name="loginbutton" time="0.602"/>
  <testcase classname="Testcases.CurrencyTestcases" name="ClickOnCurrency" time="0.252"/>
  <testcase classname="Testcases.CurrencyTestcases" name="selectcurrency" time="0.645"/>
  <testcase classname="Testcases.CurrencyTestcases" name="moveToHomepage" time="0.4"/>
  <testcase classname="Testcases.CurrencyTestcases" name="TestVerification" time="0.03"/>
</testsuite> <!-- firefoxTest -->
