<?xml version="1.0" encoding="UTF-8"?>
<!-- Generated by org.testng.reporters.JUnitXMLReporter -->
<testsuite ignored="10" hostname="LAPTOP-PDC3260G" failures="2" tests="7" name="firefoxTest(failed)" time="37.42" errors="0" timestamp="2024-12-28T00:33:06 IST">
  <testcase classname="Testcases.ReviewTestcases" name="velidatepageloaded" time="0.004">
    <failure type="java.lang.AssertionError" message="expected [iPod ] but found [Your Store]">
      <![CDATA[java.lang.AssertionError: expected [iPod ] but found [Your Store]
at Testcases.ReviewTestcases.velidatepageloaded(ReviewTestcases.java:73)
at java.base/java.util.ArrayList.forEach(ArrayList.java:1597)
... Removed 31 stack frames]]>
    </failure>
  </testcase> <!-- velidatepageloaded -->
  <testcase classname="Testcases.ReviewTestcases" name="TestcaseResult" time="5.026">
    <skipped/>
  </testcase> <!-- TestcaseResult -->
  <testcase classname="Testcases.ReviewTestcases" name="TestcaseResult" time="5.02">
    <skipped/>
  </testcase> <!-- TestcaseResult -->
  <testcase classname="Testcases.ReviewTestcases" name="TestcaseResult" time="5.02">
    <skipped/>
  </testcase> <!-- TestcaseResult -->
  <testcase classname="Testcases.ReviewTestcases" name="TestcaseResult" time="5.009">
    <skipped/>
  </testcase> <!-- TestcaseResult -->
  <testcase classname="Testcases.ReviewTestcases" name="TestcaseResult" time="5.021">
    <skipped/>
  </testcase> <!-- TestcaseResult -->
  <testcase classname="Testcases.ReviewTestcases" name="TestcaseResult" time="5.021">
    <failure type="org.openqa.selenium.NoSuchElementException" message="Unable to locate element: //div[normalize-space()=&amp;apos;Thank you for your review. It has been submitted to the webmaster for approval.&amp;apos;]
For documentation on this error, please visit: https://www.selenium.dev/documentation/webdriver/troubleshooting/errors#no-such-element-exception
Build info: version: &amp;apos;4.22.0&amp;apos;, revision: &amp;apos;c5f3146703*&amp;apos;
System info: os.name: &amp;apos;Windows 11&amp;apos;, os.arch: &amp;apos;amd64&amp;apos;, os.version: &amp;apos;10.0&amp;apos;, java.version: &amp;apos;22.0.2&amp;apos;
Driver info: org.openqa.selenium.firefox.FirefoxDriver
Command: [6439dd80-9e52-4ea5-bf28-7dfb87a276d2, findElement {value=//div[normalize-space()=&amp;apos;Thank you for your review. It has been submitted to the webmaster for approval.&amp;apos;], using=xpath}]
Capabilities {acceptInsecureCerts: true, browserName: firefox, browserVersion: 133.0.3, moz:accessibilityChecks: false, moz:buildID: 20241209150345, moz:debuggerAddress: 127.0.0.1:35981, moz:geckodriverVersion: 0.35.0, moz:headless: false, moz:platformVersion: 10.0, moz:processID: 2636, moz:profile: C:\Users\AKHILD~1\AppData\L..., moz:shutdownTimeout: 60000, moz:webdriverClick: true, moz:windowless: false, pageLoadStrategy: normal, platformName: windows, proxy: Proxy(), se:cdp: ws://127.0.0.1:35981/devtoo..., se:cdpVersion: 85.0, setWindowRect: true, strictFileInteractability: false, timeouts: {implicit: 0, pageLoad: 300000, script: 30000}, unhandledPromptBehavior: dismiss and notify, userAgent: Mozilla/5.0 (Windows NT 10....}
Session ID: 6439dd80-9e52-4ea5-bf28-7dfb87a276d2">
      <![CDATA[org.openqa.selenium.NoSuchElementException: Unable to locate element: //div[normalize-space()='Thank you for your review. It has been submitted to the webmaster for approval.']
For documentation on this error, please visit: https://www.selenium.dev/documentation/webdriver/troubleshooting/errors#no-such-element-exception
Build info: version: '4.22.0', revision: 'c5f3146703*'
System info: os.name: 'Windows 11', os.arch: 'amd64', os.version: '10.0', java.version: '22.0.2'
Driver info: org.openqa.selenium.firefox.FirefoxDriver
Command: [6439dd80-9e52-4ea5-bf28-7dfb87a276d2, findElement {value=//div[normalize-space()='Thank you for your review. It has been submitted to the webmaster for approval.'], using=xpath}]
Capabilities {acceptInsecureCerts: true, browserName: firefox, browserVersion: 133.0.3, moz:accessibilityChecks: false, moz:buildID: 20241209150345, moz:debuggerAddress: 127.0.0.1:35981, moz:geckodriverVersion: 0.35.0, moz:headless: false, moz:platformVersion: 10.0, moz:processID: 2636, moz:profile: C:\Users\AKHILD~1\AppData\L..., moz:shutdownTimeout: 60000, moz:webdriverClick: true, moz:windowless: false, pageLoadStrategy: normal, platformName: windows, proxy: Proxy(), se:cdp: ws://127.0.0.1:35981/devtoo..., se:cdpVersion: 85.0, setWindowRect: true, strictFileInteractability: false, timeouts: {implicit: 0, pageLoad: 300000, script: 30000}, unhandledPromptBehavior: dismiss and notify, userAgent: Mozilla/5.0 (Windows NT 10....}
Session ID: 6439dd80-9e52-4ea5-bf28-7dfb87a276d2
at org.openqa.selenium.remote.ErrorCodec.decode(ErrorCodec.java:167)
at org.openqa.selenium.remote.codec.w3c.W3CHttpResponseCodec.decode(W3CHttpResponseCodec.java:138)
at org.openqa.selenium.remote.codec.w3c.W3CHttpResponseCodec.decode(W3CHttpResponseCodec.java:50)
at org.openqa.selenium.remote.HttpCommandExecutor.execute(HttpCommandExecutor.java:190)
at org.openqa.selenium.remote.service.DriverCommandExecutor.invokeExecute(DriverCommandExecutor.java:216)
at org.openqa.selenium.remote.service.DriverCommandExecutor.execute(DriverCommandExecutor.java:174)
at org.openqa.selenium.remote.RemoteWebDriver.execute(RemoteWebDriver.java:518)
at org.openqa.selenium.remote.ElementLocation$ElementFinder$2.findElement(ElementLocation.java:165)
at org.openqa.selenium.remote.ElementLocation.findElement(ElementLocation.java:59)
at org.openqa.selenium.remote.RemoteWebDriver.findElement(RemoteWebDriver.java:355)
at org.openqa.selenium.remote.RemoteWebDriver.findElement(RemoteWebDriver.java:349)
at org.openqa.selenium.support.pagefactory.DefaultElementLocator.findElement(DefaultElementLocator.java:68)
at org.openqa.selenium.support.pagefactory.internal.LocatingElementHandler.invoke(LocatingElementHandler.java:38)
at jdk.proxy2/jdk.proxy2.$Proxy15.isDisplayed(Unknown Source)
at PageObject.GiveReview.SuccessMessage(GiveReview.java:117)
at Testcases.ReviewTestcases.TestcaseResult(ReviewTestcases.java:83)
at java.base/java.util.ArrayList.forEach(ArrayList.java:1597)
... Removed 28 stack frames]]>
    </failure>
  </testcase> <!-- TestcaseResult -->
  <testcase classname="Testcases.ReviewTestcases" name="CredentialsDetails" time="0.0">
    <ignored/>
  </testcase> <!-- CredentialsDetails -->
  <testcase classname="Testcases.ReviewTestcases" name="OpenProd" time="0.0">
    <ignored/>
  </testcase> <!-- OpenProd -->
  <testcase classname="Testcases.ReviewTestcases" name="sortpro" time="0.0">
    <ignored/>
  </testcase> <!-- sortpro -->
  <testcase classname="Testcases.ReviewTestcases" name="loginClick" time="0.0">
    <ignored/>
  </testcase> <!-- loginClick -->
  <testcase classname="Testcases.ReviewTestcases" name="ReviewTABSelect" time="0.0">
    <ignored/>
  </testcase> <!-- ReviewTABSelect -->
  <testcase classname="Testcases.ReviewTestcases" name="clodebrowser" time="0.0">
    <ignored/>
  </testcase> <!-- clodebrowser -->
  <testcase classname="Testcases.ReviewTestcases" name="EnteryourREVIEW" time="0.0">
    <ignored/>
  </testcase> <!-- EnteryourREVIEW -->
  <testcase classname="Testcases.ReviewTestcases" name="Mp3Player" time="0.0">
    <ignored/>
  </testcase> <!-- Mp3Player -->
  <testcase classname="Testcases.ReviewTestcases" name="SubmitReview" time="0.0">
    <ignored/>
  </testcase> <!-- SubmitReview -->
  <testcase classname="Testcases.ReviewTestcases" name="MyAccountTab" time="0.0">
    <ignored/>
  </testcase> <!-- MyAccountTab -->
</testsuite> <!-- firefoxTest(failed) -->
