<?xml version="1.0" encoding="UTF-8"?>
<!-- Generated by org.testng.reporters.JUnitReportReporter -->
<testsuite hostname="LAPTOP-PDC3260G" failures="0" tests="24" name="Testcases.AddToCartTestcaes" time="22.482" errors="0" timestamp="2024-12-27T00:26:29 IST" skipped="0">
  <testcase classname="Testcases.AddToCartTestcaes" name="ComponetsTABOpen" time="0.829"/>
  <testcase classname="Testcases.AddToCartTestcaes" name="ComponetsTABOpen" time="0.772"/>
  <testcase classname="Testcases.AddToCartTestcaes" name="Openitem" time="0.251"/>
  <testcase classname="Testcases.AddToCartTestcaes" name="Openitem" time="0.097"/>
  <testcase classname="Testcases.AddToCartTestcaes" name="checkthebox" time="1.140"/>
  <testcase classname="Testcases.AddToCartTestcaes" name="checkthebox" time="1.126"/>
  <testcase classname="Testcases.AddToCartTestcaes" name="EntrText" time="0.247"/>
  <testcase classname="Testcases.AddToCartTestcaes" name="EntrText" time="0.320"/>
  <testcase classname="Testcases.AddToCartTestcaes" name="selectthecolor" time="0.298"/>
  <testcase classname="Testcases.AddToCartTestcaes" name="selectthecolor" time="0.179"/>
  <testcase classname="Testcases.AddToCartTestcaes" name="textAea" time="0.256"/>
  <testcase classname="Testcases.AddToCartTestcaes" name="textAea" time="0.293"/>
  <testcase classname="Testcases.AddToCartTestcaes" name="UploadTheFile" time="3.034"/>
  <testcase classname="Testcases.AddToCartTestcaes" name="UploadTheFile" time="11.533"/>
  <testcase classname="Testcases.AddToCartTestcaes" name="calenderupdate" time="0.304"/>
  <testcase classname="Testcases.AddToCartTestcaes" name="calenderupdate" time="0.530"/>
  <testcase classname="Testcases.AddToCartTestcaes" name="timeselect" time="0.262"/>
  <testcase classname="Testcases.AddToCartTestcaes" name="timeselect" time="0.247"/>
  <testcase classname="Testcases.AddToCartTestcaes" name="filldatetime" time="0.177"/>
  <testcase classname="Testcases.AddToCartTestcaes" name="filldatetime" time="0.060"/>
  <testcase classname="Testcases.AddToCartTestcaes" name="selectQTY" time="0.059"/>
  <testcase classname="Testcases.AddToCartTestcaes" name="selectQTY" time="0.112"/>
  <testcase classname="Testcases.AddToCartTestcaes" name="AddToProduct" time="0.257"/>
  <testcase classname="Testcases.AddToCartTestcaes" name="AddToProduct" time="0.099"/>
</testsuite> <!-- Testcases.AddToCartTestcaes -->
