<?xml version="1.0" encoding="UTF-8"?>
<!-- Generated by org.testng.reporters.JUnitReportReporter -->
<testsuite hostname="LAPTOP-PDC3260G" failures="0" tests="13" name="Testcases.Screenshot" time="-1735239936.000" errors="1" timestamp="2024-12-27T00:35:03 IST" skipped="12">
  <testcase classname="Testcases.Screenshot" name="normalsetup" time="-1735239936.000">
    <error message="
Parameter &#039;browser&#039; is required by BeforeClass on method normalsetup but has not been marked @Optional or defined
in C:\Users\akhil dwivedi\AppData\Local\Temp\testng-eclipse--1665522896\testng-customsuite.xml" type="org.testng.TestNGException">
      <![CDATA[org.testng.TestNGException: 
Parameter 'browser' is required by BeforeClass on method normalsetup but has not been marked @Optional or defined
in C:\Users\akhil dwivedi\AppData\Local\Temp\testng-eclipse--1665522896\testng-customsuite.xml
at org.testng.internal.Parameters.createParams(Parameters.java:264)
at org.testng.internal.Parameters.createParametersForMethod(Parameters.java:352)
at org.testng.internal.Parameters.createParameters(Parameters.java:690)
at org.testng.internal.Parameters.createConfigurationParameters(Parameters.java:163)
at org.testng.internal.invokers.ConfigInvoker.invokeConfigurations(ConfigInvoker.java:313)
at org.testng.internal.invokers.TestMethodWorker.invokeBeforeClassMethods(TestMethodWorker.java:188)
at org.testng.internal.invokers.TestMethodWorker.run(TestMethodWorker.java:128)
at java.base/java.util.ArrayList.forEach(ArrayList.java:1597)
at org.testng.TestRunner.privateRun(TestRunner.java:739)
at org.testng.TestRunner.run(TestRunner.java:614)
at org.testng.SuiteRunner.runTest(SuiteRunner.java:421)
at org.testng.SuiteRunner.runSequentially(SuiteRunner.java:413)
at org.testng.SuiteRunner.privateRun(SuiteRunner.java:373)
at org.testng.SuiteRunner.run(SuiteRunner.java:312)
at org.testng.SuiteRunnerWorker.runSuite(SuiteRunnerWorker.java:52)
at org.testng.SuiteRunnerWorker.run(SuiteRunnerWorker.java:95)
at org.testng.TestNG.runSuitesSequentially(TestNG.java:1274)
at org.testng.TestNG.runSuitesLocally(TestNG.java:1208)
at org.testng.TestNG.runSuites(TestNG.java:1112)
at org.testng.TestNG.run(TestNG.java:1079)
at org.testng.remote.AbstractRemoteTestNG.run(AbstractRemoteTestNG.java:115)
at org.testng.remote.RemoteTestNG.initAndRun(RemoteTestNG.java:293)
at org.testng.remote.RemoteTestNG.main(RemoteTestNG.java:91)
]]>
    </error>
  </testcase> <!-- normalsetup -->
  <testcase classname="Testcases.Screenshot" name="ComponetsTABOpen" time="0.000">
    <skipped/>
  </testcase> <!-- ComponetsTABOpen -->
  <testcase classname="Testcases.Screenshot" name="Openitem" time="0.000">
    <skipped/>
  </testcase> <!-- Openitem -->
  <testcase classname="Testcases.Screenshot" name="checkthebox" time="0.000">
    <skipped/>
  </testcase> <!-- checkthebox -->
  <testcase classname="Testcases.Screenshot" name="EntrText" time="0.000">
    <skipped/>
  </testcase> <!-- EntrText -->
  <testcase classname="Testcases.Screenshot" name="selectthecolor" time="0.000">
    <skipped/>
  </testcase> <!-- selectthecolor -->
  <testcase classname="Testcases.Screenshot" name="textAea" time="0.000">
    <skipped/>
  </testcase> <!-- textAea -->
  <testcase classname="Testcases.Screenshot" name="UploadTheFile" time="0.000">
    <skipped/>
  </testcase> <!-- UploadTheFile -->
  <testcase classname="Testcases.Screenshot" name="calenderupdate" time="0.001">
    <skipped/>
  </testcase> <!-- calenderupdate -->
  <testcase classname="Testcases.Screenshot" name="timeselect" time="0.000">
    <skipped/>
  </testcase> <!-- timeselect -->
  <testcase classname="Testcases.Screenshot" name="filldatetime" time="0.000">
    <skipped/>
  </testcase> <!-- filldatetime -->
  <testcase classname="Testcases.Screenshot" name="selectQTY" time="0.000">
    <skipped/>
  </testcase> <!-- selectQTY -->
  <testcase classname="Testcases.Screenshot" name="AddToProduct" time="0.000">
    <skipped/>
  </testcase> <!-- AddToProduct -->
</testsuite> <!-- Testcases.Screenshot -->
