<?xml version="1.0" encoding="UTF-8"?>
<!-- Generated by org.testng.reporters.JUnitReportReporter -->
<testsuite hostname="LAPTOP-PDC3260G" failures="0" tests="14" name="Testcases.CurrencyTestcases" time="4.664" errors="0" timestamp="2024-12-29T01:37:36 IST" skipped="0">
  <testcase classname="Testcases.CurrencyTestcases" name="loginpage" time="0.412"/>
  <testcase classname="Testcases.CurrencyTestcases" name="loginpage" time="0.538"/>
  <testcase classname="Testcases.CurrencyTestcases" name="Enterdetails" time="0.094"/>
  <testcase classname="Testcases.CurrencyTestcases" name="Enterdetails" time="0.203"/>
  <testcase classname="Testcases.CurrencyTestcases" name="loginbutton" time="0.639"/>
  <testcase classname="Testcases.CurrencyTestcases" name="loginbutton" time="0.603"/>
  <testcase classname="Testcases.CurrencyTestcases" name="ClickOnCurrency" time="0.252"/>
  <testcase classname="Testcases.CurrencyTestcases" name="ClickOnCurrency" time="0.084"/>
  <testcase classname="Testcases.CurrencyTestcases" name="selectcurrency" time="0.646"/>
  <testcase classname="Testcases.CurrencyTestcases" name="selectcurrency" time="0.370"/>
  <testcase classname="Testcases.CurrencyTestcases" name="moveToHomepage" time="0.401"/>
  <testcase classname="Testcases.CurrencyTestcases" name="moveToHomepage" time="0.347"/>
  <testcase classname="Testcases.CurrencyTestcases" name="TestVerification" time="0.031"/>
  <testcase classname="Testcases.CurrencyTestcases" name="TestVerification" time="0.044"/>
</testsuite> <!-- Testcases.CurrencyTestcases -->
