<?xml version="1.0" encoding="UTF-8"?>
<!-- Generated by org.testng.reporters.JUnitReportReporter -->
<testsuite hostname="LAPTOP-PDC3260G" failures="0" tests="24" name="Testcases.AddToCartTestcases" time="13.500" errors="0" timestamp="2024-12-27T22:35:48 IST" skipped="0">
  <testcase classname="Testcases.AddToCartTestcases" name="ComponetsTABOpen" time="0.569"/>
  <testcase classname="Testcases.AddToCartTestcases" name="ComponetsTABOpen" time="0.809"/>
  <testcase classname="Testcases.AddToCartTestcases" name="Openitem" time="0.844"/>
  <testcase classname="Testcases.AddToCartTestcases" name="Openitem" time="0.131"/>
  <testcase classname="Testcases.AddToCartTestcases" name="checkthebox" time="0.918"/>
  <testcase classname="Testcases.AddToCartTestcases" name="checkthebox" time="0.241"/>
  <testcase classname="Testcases.AddToCartTestcases" name="EntrText" time="0.310"/>
  <testcase classname="Testcases.AddToCartTestcases" name="EntrText" time="0.339"/>
  <testcase classname="Testcases.AddToCartTestcases" name="selectthecolor" time="0.288"/>
  <testcase classname="Testcases.AddToCartTestcases" name="selectthecolor" time="0.180"/>
  <testcase classname="Testcases.AddToCartTestcases" name="textAea" time="0.319"/>
  <testcase classname="Testcases.AddToCartTestcases" name="textAea" time="0.281"/>
  <testcase classname="Testcases.AddToCartTestcases" name="UploadTheFile" time="2.389"/>
  <testcase classname="Testcases.AddToCartTestcases" name="UploadTheFile" time="3.371"/>
  <testcase classname="Testcases.AddToCartTestcases" name="calenderupdate" time="0.498"/>
  <testcase classname="Testcases.AddToCartTestcases" name="calenderupdate" time="0.414"/>
  <testcase classname="Testcases.AddToCartTestcases" name="timeselect" time="0.373"/>
  <testcase classname="Testcases.AddToCartTestcases" name="timeselect" time="0.310"/>
  <testcase classname="Testcases.AddToCartTestcases" name="filldatetime" time="0.280"/>
  <testcase classname="Testcases.AddToCartTestcases" name="filldatetime" time="0.064"/>
  <testcase classname="Testcases.AddToCartTestcases" name="selectQTY" time="0.112"/>
  <testcase classname="Testcases.AddToCartTestcases" name="selectQTY" time="0.072"/>
  <testcase classname="Testcases.AddToCartTestcases" name="AddToProduct" time="0.263"/>
  <testcase classname="Testcases.AddToCartTestcases" name="AddToProduct" time="0.125"/>
</testsuite> <!-- Testcases.AddToCartTestcases -->
